<?xml version="1.0" encoding="UTF-8"?>
<testng-results ignored="0" total="2" passed="2" failed="0" skipped="0">
  <reporter-output>
  </reporter-output>
  <suite started-at="2023-10-07T13:40:10 IST" name="Suite" finished-at="2023-10-07T13:41:07 IST" duration-ms="56628">
    <groups>
    </groups>
    <test started-at="2023-10-07T13:40:10 IST" name="Test" finished-at="2023-10-07T13:41:07 IST" duration-ms="56628">
      <class name="fb.FbLogin">
        <test-method is-config="true" signature="browser()[pri:0, instance:fb.FbLogin@21e360a]" started-at="2023-10-07T13:40:10 IST" name="browser" finished-at="2023-10-07T13:40:24 IST" duration-ms="13373" status="PASS">
          <reporter-output>
          </reporter-output>
        </test-method> <!-- browser -->
        <test-method signature="browser()[pri:0, instance:fb.FbLogin@21e360a]" started-at="2023-10-07T13:40:24 IST" name="browser" finished-at="2023-10-07T13:40:27 IST" duration-ms="3002" status="PASS">
          <reporter-output>
          </reporter-output>
        </test-method> <!-- browser -->
        <test-method is-config="true" signature="after()[pri:0, instance:fb.FbLogin@21e360a]" started-at="2023-10-07T13:40:27 IST" name="after" finished-at="2023-10-07T13:40:37 IST" duration-ms="10286" status="PASS">
          <reporter-output>
          </reporter-output>
        </test-method> <!-- after -->
        <test-method is-config="true" signature="browser()[pri:0, instance:fb.FbLogin@21e360a]" started-at="2023-10-07T13:40:37 IST" name="browser" finished-at="2023-10-07T13:40:39 IST" duration-ms="1626" status="PASS">
          <reporter-output>
          </reporter-output>
        </test-method> <!-- browser -->
        <test-method signature="login(java.lang.String,java.lang.String)[pri:0, instance:fb.FbLogin@21e360a]" started-at="2023-10-07T13:40:39 IST" name="login" finished-at="2023-10-07T13:41:01 IST" duration-ms="21995" status="PASS">
          <params>
            <param index="0">
              <value>
                <![CDATA[9030280150]]>
              </value>
            </param>
            <param index="1">
              <value>
                <![CDATA[Indra!95]]>
              </value>
            </param>
          </params>
          <reporter-output>
          </reporter-output>
        </test-method> <!-- login -->
        <test-method is-config="true" signature="after()[pri:0, instance:fb.FbLogin@21e360a]" started-at="2023-10-07T13:41:01 IST" name="after" finished-at="2023-10-07T13:41:07 IST" duration-ms="6286" status="PASS">
          <reporter-output>
          </reporter-output>
        </test-method> <!-- after -->
      </class> <!-- fb.FbLogin -->
    </test> <!-- Test -->
  </suite> <!-- Suite -->
</testng-results>
